<?xml version="1.0" encoding="UTF-8"?>
<testng-results ignored="0" total="1" passed="1" failed="0" skipped="0">
  <reporter-output>
  </reporter-output>
  <suite started-at="2024-01-11T15:49:28 IST" name="Suite" finished-at="2024-01-11T15:49:32 IST" duration-ms="4393">
    <groups>
    </groups>
    <test started-at="2024-01-11T15:49:28 IST" name="Test" finished-at="2024-01-11T15:49:32 IST" duration-ms="4393">
      <class name="org.prac.Samle">
        <test-method signature="m1()[pri:0, instance:org.prac.Samle@2e385cce]" started-at="2024-01-11T15:49:28 IST" name="m1" finished-at="2024-01-11T15:49:32 IST" duration-ms="4336" status="PASS">
          <reporter-output>
          </reporter-output>
        </test-method> <!-- m1 -->
      </class> <!-- org.prac.Samle -->
    </test> <!-- Test -->
  </suite> <!-- Suite -->
</testng-results>
