<?xml version="1.0" encoding="UTF-8"?>
<testng-results ignored="0" total="1" passed="1" failed="0" skipped="0">
  <reporter-output>
  </reporter-output>
  <suite started-at="2024-01-22T18:33:35 IST" name="Default suite" finished-at="2024-01-22T18:33:40 IST" duration-ms="4362">
    <groups>
    </groups>
    <test started-at="2024-01-22T18:33:35 IST" name="Default test" finished-at="2024-01-22T18:33:40 IST" duration-ms="4362">
      <class name="org.prac.Samle">
        <test-method signature="m1()[pri:0, instance:org.prac.Samle@5b247367]" started-at="2024-01-22T18:33:35 IST" name="m1" finished-at="2024-01-22T18:33:40 IST" duration-ms="4289" status="PASS">
          <reporter-output>
          </reporter-output>
        </test-method> <!-- m1 -->
      </class> <!-- org.prac.Samle -->
    </test> <!-- Default test -->
  </suite> <!-- Default suite -->
</testng-results>
